[debug] [2026-04-14T09:42:15.024Z] ----------------------------------------------------------------------
[debug] [2026-04-14T09:42:15.026Z] Command:       C:\Program Files\nodejs\node.exe C:\Users\Jazz\AppData\Roaming\npm\node_modules\firebase-tools\lib\bin\firebase.js deploy
[debug] [2026-04-14T09:42:15.027Z] CLI Version:   15.14.0
[debug] [2026-04-14T09:42:15.027Z] Platform:      win32
[debug] [2026-04-14T09:42:15.027Z] Node Version:  v22.14.0
[debug] [2026-04-14T09:42:15.027Z] Time:          Tue Apr 14 2026 17:42:15 GMT+0800 (Philippine Standard Time)
[debug] [2026-04-14T09:42:15.027Z] ----------------------------------------------------------------------
[debug] 
[debug] [2026-04-14T09:42:15.029Z] >>> [apiv2][query] GET https://firebase-public.firebaseio.com/cli.json [none]
[debug] [2026-04-14T09:42:16.795Z] > command requires scopes: ["email","openid","https://www.googleapis.com/auth/cloudplatformprojects.readonly","https://www.googleapis.com/auth/firebase","https://www.googleapis.com/auth/cloud-platform"]
[debug] [2026-04-14T09:42:16.795Z] > authorizing via signed-in user (jazel.espinosa96@gmail.com)
[debug] [2026-04-14T09:42:16.795Z] [iam] checking project astral-diary for permissions ["cloudfunctions.functions.create","cloudfunctions.functions.delete","cloudfunctions.functions.get","cloudfunctions.functions.list","cloudfunctions.functions.update","cloudfunctions.operations.get","firebase.projects.get","firebasehosting.sites.update"]
[debug] [2026-04-14T09:42:16.795Z] Checked if tokens are valid: false, expires at: 1776070807687
[debug] [2026-04-14T09:42:16.795Z] Checked if tokens are valid: false, expires at: 1776070807687
[debug] [2026-04-14T09:42:16.796Z] > refreshing access token with scopes: []
[debug] [2026-04-14T09:42:16.796Z] >>> [apiv2][query] POST https://www.googleapis.com/oauth2/v3/token [none]
[debug] [2026-04-14T09:42:16.796Z] >>> [apiv2][body] POST https://www.googleapis.com/oauth2/v3/token [omitted]
[debug] [2026-04-14T09:42:16.962Z] <<< [apiv2][status] POST https://www.googleapis.com/oauth2/v3/token 200
[debug] [2026-04-14T09:42:16.962Z] <<< [apiv2][body] POST https://www.googleapis.com/oauth2/v3/token [omitted]
[debug] [2026-04-14T09:42:16.966Z] >>> [apiv2][query] POST https://cloudresourcemanager.googleapis.com/v1/projects/astral-diary:testIamPermissions [none]
[debug] [2026-04-14T09:42:16.966Z] >>> [apiv2][(partial)header] POST https://cloudresourcemanager.googleapis.com/v1/projects/astral-diary:testIamPermissions  x-goog-user-project=astral-diary
[debug] [2026-04-14T09:42:16.966Z] >>> [apiv2][body] POST https://cloudresourcemanager.googleapis.com/v1/projects/astral-diary:testIamPermissions {"permissions":["cloudfunctions.functions.create","cloudfunctions.functions.delete","cloudfunctions.functions.get","cloudfunctions.functions.list","cloudfunctions.functions.update","cloudfunctions.operations.get","firebase.projects.get","firebasehosting.sites.update"]}
[debug] [2026-04-14T09:42:17.350Z] <<< [apiv2][status] GET https://firebase-public.firebaseio.com/cli.json 200
[debug] [2026-04-14T09:42:17.350Z] <<< [apiv2][body] GET https://firebase-public.firebaseio.com/cli.json {"cloudBuildErrorAfter":1594252800000,"cloudBuildWarnAfter":1590019200000,"defaultNode10After":1594252800000,"minVersion":"3.0.5","node8DeploysDisabledAfter":1613390400000,"node8RuntimeDisabledAfter":1615809600000,"node8WarnAfter":1600128000000}
